2024-09-17 15:47:51,659 - Processing FEEL by Davido...
2024-09-17 15:47:55,488 - Error downloading video for FEEL: [0;31mERROR:[0m [youtube] GoWGGiWDsac: Sign in to confirm you’re not a bot. This helps protect our community. Learn more
2024-09-17 15:48:02,336 - Error downloading video for FEEL: [0;31mERROR:[0m Postprocessing: ffprobe and ffmpeg not found. Please install or provide the path using --ffmpeg-location
2024-09-17 15:48:04,044 - Error downloading video for FEEL: [0;31mERROR:[0m [youtube] QL0KV5xMjvo: Sign in to confirm you’re not a bot. This helps protect our community. Learn more
2024-09-17 15:48:05,825 - Error downloading video for FEEL: [0;31mERROR:[0m [youtube] QL0KV5xMjvo: Sign in to confirm you’re not a bot. This helps protect our community. Learn more
2024-09-17 15:48:08,450 - Error downloading video for FEEL: [0;31mERROR:[0m Postprocessing: ffprobe and ffmpeg not found. Please install or provide the path using --ffmpeg-location
2024-09-17 15:48:10,146 - Error downloading video for FEEL: [0;31mERROR:[0m [youtube] dwKhoUJ03Dc: Sign in to confirm you’re not a bot. This helps protect our community. Learn more
2024-09-17 15:48:11,930 - Error downloading video for FEEL: [0;31mERROR:[0m [youtube] GoWGGiWDsac: Sign in to confirm you’re not a bot. This helps protect our community. Learn more
2024-09-17 15:48:13,707 - Error downloading video for FEEL: [0;31mERROR:[0m [youtube] GoWGGiWDsac: Sign in to confirm you’re not a bot. This helps protect our community. Learn more
2024-09-17 15:48:15,157 - Error downloading video for FEEL: [0;31mERROR:[0m [youtube] scK6RRYEiUY: Sign in to confirm you’re not a bot. This helps protect our community. Learn more
2024-09-17 15:48:17,987 - Error downloading video for FEEL: [0;31mERROR:[0m Postprocessing: ffprobe and ffmpeg not found. Please install or provide the path using --ffmpeg-location
2024-09-17 15:48:20,163 - Error downloading video for FEEL: [0;31mERROR:[0m [youtube] cvjMQyA_cOY: Sign in to confirm you’re not a bot. This helps protect our community. Learn more
2024-09-17 15:48:24,100 - Error downloading video for FEEL: [0;31mERROR:[0m Postprocessing: ffprobe and ffmpeg not found. Please install or provide the path using --ffmpeg-location
2024-09-17 15:48:25,505 - Error downloading video for FEEL: [0;31mERROR:[0m [youtube] QU28LSsINy0: Sign in to confirm you’re not a bot. This helps protect our community. Learn more
2024-09-17 15:48:27,084 - Error downloading video for FEEL: [0;31mERROR:[0m [youtube] 3bFPDfWReN0: Sign in to confirm you’re not a bot. This helps protect our community. Learn more
2024-09-17 15:48:28,813 - Error downloading video for FEEL: [0;31mERROR:[0m [youtube] 3bFPDfWReN0: Sign in to confirm you’re not a bot. This helps protect our community. Learn more
2024-09-17 15:48:30,481 - Error downloading video for FEEL: [0;31mERROR:[0m [youtube] ZzWJ7KLpjm4: Sign in to confirm you’re not a bot. This helps protect our community. Learn more
2024-09-17 15:48:32,562 - Error downloading video for FEEL: [0;31mERROR:[0m [youtube] ZzWJ7KLpjm4: Sign in to confirm you’re not a bot. This helps protect our community. Learn more
2024-09-17 15:48:35,411 - Error downloading video for FEEL: [0;31mERROR:[0m Postprocessing: ffprobe and ffmpeg not found. Please install or provide the path using --ffmpeg-location
2024-09-17 15:48:37,060 - Error downloading video for FEEL: [0;31mERROR:[0m [youtube] 7Kl3liiZgno: Sign in to confirm you’re not a bot. This helps protect our community. Learn more
